  MST.cpp
c:\users\rob mccormack\documents\uni\level 4\diss\open cv\opencv\build\include\opencv2\flann\logger.h(66): warning C4996: 'fopen': This function or variable may be unsafe. Consider using fopen_s instead. To disable deprecation, use _CRT_SECURE_NO_WARNINGS. See online help for details.
  C:\Program Files (x86)\Windows Kits\10\Include\10.0.15063.0\ucrt\stdio.h(207): note: see declaration of 'fopen'
c:\users\rob mccormack\documents\visual studio 2017\projects\mst\mst\MST.h(57): warning C4244: '=': conversion from 'double' to 'float', possible loss of data
c:\users\rob mccormack\documents\visual studio 2017\projects\mst\mst\MST.h(71): warning C4244: '=': conversion from 'double' to 'float', possible loss of data
c:\users\rob mccormack\documents\visual studio 2017\projects\mst\mst\MST.h(88): warning C4244: '=': conversion from 'double' to 'float', possible loss of data
c:\users\rob mccormack\documents\visual studio 2017\projects\mst\mst\MST.h(202): warning C4267: 'initializing': conversion from 'size_t' to 'int', possible loss of data
c:\users\rob mccormack\documents\visual studio 2017\projects\mst\mst\MST.h(203): warning C4267: 'initializing': conversion from 'size_t' to 'int', possible loss of data
c:\users\rob mccormack\documents\visual studio 2017\projects\mst\mst\MST.h(357): warning C4244: 'initializing': conversion from 'double' to 'float', possible loss of data
c:\users\rob mccormack\documents\visual studio 2017\projects\mst\mst\MST.h(381): warning C4244: 'argument': conversion from 'double' to 'int', possible loss of data
c:\users\rob mccormack\documents\visual studio 2017\projects\mst\mst\MST.h(384): warning C4244: '=': conversion from 'double' to 'int', possible loss of data
c:\users\rob mccormack\documents\visual studio 2017\projects\mst\mst\MST.h(385): warning C4244: '=': conversion from 'double' to 'int', possible loss of data
c:\users\rob mccormack\documents\visual studio 2017\projects\mst\mst\MST.h(408): warning C4244: '+=': conversion from 'double' to 'float', possible loss of data
c:\users\rob mccormack\documents\visual studio 2017\projects\mst\mst\MST.h(512): warning C4267: 'argument': conversion from 'size_t' to 'int', possible loss of data
c:\users\rob mccormack\documents\visual studio 2017\projects\mst\mst\MST.h(513): warning C4267: 'argument': conversion from 'size_t' to 'int', possible loss of data
c:\users\rob mccormack\documents\visual studio 2017\projects\mst\mst\MST.h(525): warning C4267: 'argument': conversion from 'size_t' to 'int', possible loss of data
c:\users\rob mccormack\documents\visual studio 2017\projects\mst\mst\MST.h(526): warning C4267: 'argument': conversion from 'size_t' to 'int', possible loss of data
c:\users\rob mccormack\documents\visual studio 2017\projects\mst\mst\MST.h(541): warning C4267: 'argument': conversion from 'size_t' to 'int', possible loss of data
c:\users\rob mccormack\documents\visual studio 2017\projects\mst\mst\MST.h(542): warning C4267: 'argument': conversion from 'size_t' to 'int', possible loss of data
c:\users\rob mccormack\documents\visual studio 2017\projects\mst\mst\MST.h(549): warning C4267: 'argument': conversion from 'size_t' to 'int', possible loss of data
c:\users\rob mccormack\documents\visual studio 2017\projects\mst\mst\MST.h(550): warning C4267: 'argument': conversion from 'size_t' to 'int', possible loss of data
c:\users\rob mccormack\documents\visual studio 2017\projects\mst\mst\MST.h(562): warning C4267: 'argument': conversion from 'size_t' to 'int', possible loss of data
c:\users\rob mccormack\documents\visual studio 2017\projects\mst\mst\MST.h(563): warning C4267: 'argument': conversion from 'size_t' to 'int', possible loss of data
c:\users\rob mccormack\documents\visual studio 2017\projects\mst\mst\MST.h(590): warning C4267: 'argument': conversion from 'size_t' to 'int', possible loss of data
c:\users\rob mccormack\documents\visual studio 2017\projects\mst\mst\MST.h(639): warning C4244: '=': conversion from 'double' to 'float', possible loss of data
c:\users\rob mccormack\documents\visual studio 2017\projects\mst\mst\MST.h(643): warning C4244: '=': conversion from 'double' to 'float', possible loss of data
c:\users\rob mccormack\documents\visual studio 2017\projects\mst\mst\MST.h(667): warning C4267: 'argument': conversion from 'size_t' to 'int', possible loss of data
c:\users\rob mccormack\documents\visual studio 2017\projects\mst\mst\MST.h(686): warning C4244: 'argument': conversion from 'double' to 'int', possible loss of data
c:\users\rob mccormack\documents\visual studio 2017\projects\mst\mst\MST.h(690): warning C4244: '=': conversion from 'double' to 'uchar', possible loss of data
c:\users\rob mccormack\documents\visual studio 2017\projects\mst\mst\MST.h(766): warning C4244: 'argument': conversion from 'double' to 'int', possible loss of data
c:\users\rob mccormack\documents\visual studio 2017\projects\mst\mst\MST.h(772): warning C4267: 'argument': conversion from 'size_t' to 'int', possible loss of data
c:\users\rob mccormack\documents\visual studio 2017\projects\mst\mst\MST.h(776): warning C4244: '=': conversion from 'double' to 'uchar', possible loss of data
c:\users\rob mccormack\documents\visual studio 2017\projects\mst\mst\MST.h(786): warning C4244: '=': conversion from 'double' to 'uchar', possible loss of data
c:\users\rob mccormack\documents\visual studio 2017\projects\mst\mst\MST.h(800): warning C4244: '=': conversion from 'double' to 'uchar', possible loss of data
  Generating code
  29 of 744 functions ( 3.9%) were compiled, the rest were copied from previous compilation.
    10 functions were new in current compilation
    25 functions had inline decision re-evaluated but remain unchanged
  Finished generating code
  MST.vcxproj -> C:\Users\Rob McCormack\Documents\Visual Studio 2017\Projects\MST\x64\Release\MST.exe
